This is pdfTeX, Version 3.1415926-2.5-1.40.14 (MiKTeX 2.9) (preloaded format=pdflatex 2014.8.26)  26 AUG 2014 23:16
entering extended mode
**DataFrames-MovieLens.tex
(C:\Users\Kevin\Desktop\pandas-master\DataFrames-MovieLens.tex
LaTeX2e <2011/06/27>
Babel <v3.8m> and hyphenation patterns for english, afrikaans, ancientgreek, ar
abic, armenian, assamese, basque, bengali, bokmal, bulgarian, catalan, coptic, 
croatian, czech, danish, dutch, esperanto, estonian, farsi, finnish, french, ga
lician, german, german-x-2013-05-26, greek, gujarati, hindi, hungarian, iceland
ic, indonesian, interlingua, irish, italian, kannada, kurmanji, latin, latvian,
 lithuanian, malayalam, marathi, mongolian, mongolianlmc, monogreek, ngerman, n
german-x-2013-05-26, nynorsk, oriya, panjabi, pinyin, polish, portuguese, roman
ian, russian, sanskrit, serbian, slovak, slovenian, spanish, swedish, swissgerm
an, tamil, telugu, turkish, turkmen, ukenglish, ukrainian, uppersorbian, usengl
ishmax, welsh, loaded.
("C:\Program Files\Miktek\tex\latex\base\article.cls"
Document Class: article 2007/10/19 v1.4h Standard LaTeX document class
("C:\Program Files\Miktek\tex\latex\base\size10.clo"
File: size10.clo 2007/10/19 v1.4h Standard LaTeX file (size option)
)
\c@part=\count79
\c@section=\count80
\c@subsection=\count81
\c@subsubsection=\count82
\c@paragraph=\count83
\c@subparagraph=\count84
\c@figure=\count85
\c@table=\count86
\abovecaptionskip=\skip41
\belowcaptionskip=\skip42
\bibindent=\dimen102
)
("C:\Program Files\Miktek\tex\latex\framed\framed.sty"
Package: framed 2011/10/22 v 0.96: framed or shaded text with page breaks
\OuterFrameSep=\skip43
\fb@frw=\dimen103
\fb@frh=\dimen104
\FrameRule=\dimen105
\FrameSep=\dimen106
)
("C:\Program Files\Miktek\tex\latex\graphics\graphicx.sty"
Package: graphicx 1999/02/16 v1.0f Enhanced LaTeX Graphics (DPC,SPQR)

("C:\Program Files\Miktek\tex\latex\graphics\keyval.sty"
Package: keyval 1999/03/16 v1.13 key=value parser (DPC)
\KV@toks@=\toks14
)
("C:\Program Files\Miktek\tex\latex\graphics\graphics.sty"
Package: graphics 2009/02/05 v1.0o Standard LaTeX Graphics (DPC,SPQR)

("C:\Program Files\Miktek\tex\latex\graphics\trig.sty"
Package: trig 1999/03/16 v1.09 sin cos tan (DPC)
)
("C:\Program Files\Miktek\tex\latex\00miktex\graphics.cfg"
File: graphics.cfg 2007/01/18 v1.5 graphics configuration of teTeX/TeXLive
)
Package graphics Info: Driver file: pdftex.def on input line 91.

("C:\Program Files\Miktek\tex\latex\pdftex-def\pdftex.def"
File: pdftex.def 2011/05/27 v0.06d Graphics/color for pdfTeX

("C:\Program Files\Miktek\tex\generic\oberdiek\infwarerr.sty"
Package: infwarerr 2010/04/08 v1.3 Providing info/warning/error messages (HO)
)
("C:\Program Files\Miktek\tex\generic\oberdiek\ltxcmds.sty"
Package: ltxcmds 2011/11/09 v1.22 LaTeX kernel commands for general use (HO)
)
\Gread@gobject=\count87
))
\Gin@req@height=\dimen107
\Gin@req@width=\dimen108
)
(C:\Users\Kevin\Desktop\pandas-master\DataFrames-MovieLens.aux)
LaTeX Font Info:    Checking defaults for OML/cmm/m/it on input line 11.
LaTeX Font Info:    ... okay on input line 11.
LaTeX Font Info:    Checking defaults for T1/cmr/m/n on input line 11.
LaTeX Font Info:    ... okay on input line 11.
LaTeX Font Info:    Checking defaults for OT1/cmr/m/n on input line 11.
LaTeX Font Info:    ... okay on input line 11.
LaTeX Font Info:    Checking defaults for OMS/cmsy/m/n on input line 11.
LaTeX Font Info:    ... okay on input line 11.
LaTeX Font Info:    Checking defaults for OMX/cmex/m/n on input line 11.
LaTeX Font Info:    ... okay on input line 11.
LaTeX Font Info:    Checking defaults for U/cmr/m/n on input line 11.
LaTeX Font Info:    ... okay on input line 11.

("C:\Program Files\Miktek\tex\context\base\supp-pdf.mkii"
[Loading MPS to PDF converter (version 2006.09.02).]
\scratchcounter=\count88
\scratchdimen=\dimen109
\scratchbox=\box26
\nofMPsegments=\count89
\nofMParguments=\count90
\everyMPshowfont=\toks15
\MPscratchCnt=\count91
\MPscratchDim=\dimen110
\MPnumerator=\count92
\makeMPintoPDFobject=\count93
\everyMPtoPDFconversion=\toks16
)
Overfull \hbox (74.99634pt too wide) in paragraph at lines 32--32
[]\OT1/cmtt/m/n/10 m_cols = ['movie_id', 'title', 'release_date', 'video_releas
e_date', 'imdb_url'][] 
 []


Overfull \hbox (69.74638pt too wide) in paragraph at lines 32--32
[]\OT1/cmtt/m/n/10 movies = pd.read_csv('ml-100k/u.item', sep='|', names=m_cols
, usecols=range(5))[] 
 []

LaTeX Font Info:    Try loading font information for OMS+cmr on input line 54.
("C:\Program Files\Miktek\tex\latex\base\omscmr.fd"
File: omscmr.fd 1999/05/25 v2.5h Standard LaTeX font definitions
)
LaTeX Font Info:    Font shape `OMS/cmr/m/n' in size <10> not available
(Font)              Font shape `OMS/cmsy/m/n' tried instead on input line 54.

Overfull \hbox (43.28404pt too wide) in paragraph at lines 57--58
[]\OT1/cmr/m/n/10 dataset has five to-tal columns, one of which isn't pop-u-lat
ed at all (video[]release[]date)
 []

[1

{C:/ProgramData/MiKTeX/2.9/pdftex/config/pdftex.map}] [2]
Overfull \hbox (20.29697pt too wide) in paragraph at lines 110--110
[]   \OT1/cmtt/m/n/10 movie_id              title release_date  video_release_d
ate  \[] 
 []


Overfull \hbox (4.5471pt too wide) in paragraph at lines 110--110
[]\OT1/cmtt/m/n/10 0         1   Toy Story (1995)  01-Jan-1995                 
NaN[] 
 []


Overfull \hbox (4.5471pt too wide) in paragraph at lines 110--110
[]\OT1/cmtt/m/n/10 1         2   GoldenEye (1995)  01-Jan-1995                 
NaN[] 
 []


Overfull \hbox (4.5471pt too wide) in paragraph at lines 110--110
[]\OT1/cmtt/m/n/10 2         3  Four Rooms (1995)  01-Jan-1995                 
NaN[] 
 []


Overfull \hbox (4.5471pt too wide) in paragraph at lines 110--110
[]\OT1/cmtt/m/n/10 3         4  Get Shorty (1995)  01-Jan-1995                 
NaN[] 
 []


Overfull \hbox (4.5471pt too wide) in paragraph at lines 110--110
[]\OT1/cmtt/m/n/10 4         5     Copycat (1995)  01-Jan-1995                 
NaN[] 
 []


Overfull \hbox (57.04665pt too wide) in paragraph at lines 125--125
[]      \OT1/cmtt/m/n/10 movie_id                                      title re
lease_date  \[] 
 []


Overfull \hbox (41.29678pt too wide) in paragraph at lines 125--125
[]\OT1/cmtt/m/n/10 1679      1680                       Sliding Doors (1998)  0
1-Jan-1998[] 
 []


Overfull \hbox (41.29678pt too wide) in paragraph at lines 125--125
[]\OT1/cmtt/m/n/10 1680      1681                        You So Crazy (1994)  0
1-Jan-1994[] 
 []


Overfull \hbox (41.29678pt too wide) in paragraph at lines 125--125
[]\OT1/cmtt/m/n/10 1681      1682  Scream of Stone (Schrei aus Stein) (1991)  0
8-Mar-1996[] 
 []


Overfull \hbox (67.54655pt too wide) in paragraph at lines 125--125
[]      \OT1/cmtt/m/n/10 video_release_date                                    
       imdb_url[] 
 []


Overfull \hbox (67.54655pt too wide) in paragraph at lines 125--125
[]\OT1/cmtt/m/n/10 1679                 NaN      http://us.imdb.com/Title?Slidi
ng+Doors+(1998)[] 
 []


Overfull \hbox (67.54655pt too wide) in paragraph at lines 125--125
[]\OT1/cmtt/m/n/10 1680                 NaN  http://us.imdb.com/M/title-exact?Y
ou%20So%20Cr...[] 
 []


Overfull \hbox (67.54655pt too wide) in paragraph at lines 125--125
[]\OT1/cmtt/m/n/10 1681                 NaN  http://us.imdb.com/M/title-exact?S
chrei%20aus%...[] 
 []


Overfull \hbox (69.74638pt too wide) in paragraph at lines 138--138
[]    \OT1/cmtt/m/n/10 movie_id                          title release_date  vi
deo_release_date  \[] 
 []


Overfull \hbox (53.99652pt too wide) in paragraph at lines 138--138
[]\OT1/cmtt/m/n/10 20        21  Muppet Treasure Island (1996)  16-Feb-1996    
             NaN[] 
 []


Overfull \hbox (53.99652pt too wide) in paragraph at lines 138--138
[]\OT1/cmtt/m/n/10 21        22              Braveheart (1995)  16-Feb-1996    
             NaN[] 
 []

[3] [4]
Overfull \hbox (4.5471pt too wide) in paragraph at lines 248--248
[]\OT1/cmtt/m/n/10 print "\n^^^ set_index actually returns a new DataFrame. ^^^
\n"[] 
 []

[5] [6] [7]
Overfull \hbox (30.79688pt too wide) in paragraph at lines 376--376
[]                           \OT1/cmtt/m/n/10 'left_value': ['a', 'b', 'c', 'd'
, 'e']})[] 
 []


Overfull \hbox (36.04683pt too wide) in paragraph at lines 376--376
[]                           \OT1/cmtt/m/n/10 'right_value': ['f', 'g', 'h', 'i
', 'j']})[] 
 []

[8]
Overfull \hbox (17.24684pt too wide) in paragraph at lines 400--400
[]\OT1/cmtt/m/n/10 SELECT left_frame.key, left_frame.left_value, right_frame.ri
ght_value[] 
 []

[9] (C:\Users\Kevin\Desktop\pandas-master\DataFrames-MovieLens.aux) ) 
Here is how much of TeX's memory you used:
 1176 strings out of 493921
 15531 string characters out of 3148886
 72337 words of memory out of 3000000
 4513 multiletter control sequences out of 15000+200000
 4413 words of font info for 17 fonts, out of 3000000 for 9000
 841 hyphenation exceptions out of 8191
 27i,6n,19p,426b,174s stack positions out of 5000i,500n,10000p,200000b,50000s
<C:/Progra
m Files/Miktek/fonts/type1/public/amsfonts/cm/cmbx12.pfb><C:/Program Files/Mikt
ek/fonts/type1/public/amsfonts/cm/cmr10.pfb><C:/Program Files/Miktek/fonts/type
1/public/amsfonts/cm/cmsy10.pfb><C:/Program Files/Miktek/fonts/type1/public/ams
fonts/cm/cmtt10.pfb>
Output written on DataFrames-MovieLens.pdf (9 pages, 79259 bytes).
PDF statistics:
 48 PDF objects out of 1000 (max. 8388607)
 0 named destinations out of 1000 (max. 500000)
 1 words of extra memory for PDF output out of 10000 (max. 10000000)

