This is pdfTeX, Version 3.1415926-2.5-1.40.14 (MiKTeX 2.9) (preloaded format=pdflatex 2014.8.26)  26 AUG 2014 23:17
entering extended mode
**C:/Users/Kevin/Desktop/pandas-master/KSch09-ImportingExportingData.tex
(C:/Users/Kevin/Desktop/pandas-master/KSch09-ImportingExportingData.tex
LaTeX2e <2011/06/27>
Babel <v3.8m> and hyphenation patterns for english, afrikaans, ancientgreek, ar
abic, armenian, assamese, basque, bengali, bokmal, bulgarian, catalan, coptic, 
croatian, czech, danish, dutch, esperanto, estonian, farsi, finnish, french, ga
lician, german, german-x-2013-05-26, greek, gujarati, hindi, hungarian, iceland
ic, indonesian, interlingua, irish, italian, kannada, kurmanji, latin, latvian,
 lithuanian, malayalam, marathi, mongolian, mongolianlmc, monogreek, ngerman, n
german-x-2013-05-26, nynorsk, oriya, panjabi, pinyin, polish, portuguese, roman
ian, russian, sanskrit, serbian, slovak, slovenian, spanish, swedish, swissgerm
an, tamil, telugu, turkish, turkmen, ukenglish, ukrainian, uppersorbian, usengl
ishmax, welsh, loaded.
("C:\Program Files\Miktek\tex\latex\base\article.cls"
Document Class: article 2007/10/19 v1.4h Standard LaTeX document class
("C:\Program Files\Miktek\tex\latex\base\size10.clo"
File: size10.clo 2007/10/19 v1.4h Standard LaTeX file (size option)
)
\c@part=\count79
\c@section=\count80
\c@subsection=\count81
\c@subsubsection=\count82
\c@paragraph=\count83
\c@subparagraph=\count84
\c@figure=\count85
\c@table=\count86
\abovecaptionskip=\skip41
\belowcaptionskip=\skip42
\bibindent=\dimen102
)
("C:\Program Files\Miktek\tex\latex\framed\framed.sty"
Package: framed 2011/10/22 v 0.96: framed or shaded text with page breaks
\OuterFrameSep=\skip43
\fb@frw=\dimen103
\fb@frh=\dimen104
\FrameRule=\dimen105
\FrameSep=\dimen106
)
("C:\Program Files\Miktek\tex\latex\graphics\graphicx.sty"
Package: graphicx 1999/02/16 v1.0f Enhanced LaTeX Graphics (DPC,SPQR)

("C:\Program Files\Miktek\tex\latex\graphics\keyval.sty"
Package: keyval 1999/03/16 v1.13 key=value parser (DPC)
\KV@toks@=\toks14
)
("C:\Program Files\Miktek\tex\latex\graphics\graphics.sty"
Package: graphics 2009/02/05 v1.0o Standard LaTeX Graphics (DPC,SPQR)

("C:\Program Files\Miktek\tex\latex\graphics\trig.sty"
Package: trig 1999/03/16 v1.09 sin cos tan (DPC)
)
("C:\Program Files\Miktek\tex\latex\00miktex\graphics.cfg"
File: graphics.cfg 2007/01/18 v1.5 graphics configuration of teTeX/TeXLive
)
Package graphics Info: Driver file: pdftex.def on input line 91.

("C:\Program Files\Miktek\tex\latex\pdftex-def\pdftex.def"
File: pdftex.def 2011/05/27 v0.06d Graphics/color for pdfTeX

("C:\Program Files\Miktek\tex\generic\oberdiek\infwarerr.sty"
Package: infwarerr 2010/04/08 v1.3 Providing info/warning/error messages (HO)
)
("C:\Program Files\Miktek\tex\generic\oberdiek\ltxcmds.sty"
Package: ltxcmds 2011/11/09 v1.22 LaTeX kernel commands for general use (HO)
)
\Gread@gobject=\count87
))
\Gin@req@height=\dimen107
\Gin@req@width=\dimen108
)
(C:\Users\Kevin\Desktop\pandas-master\KSch09-ImportingExportingData.aux)
LaTeX Font Info:    Checking defaults for OML/cmm/m/it on input line 10.
LaTeX Font Info:    ... okay on input line 10.
LaTeX Font Info:    Checking defaults for T1/cmr/m/n on input line 10.
LaTeX Font Info:    ... okay on input line 10.
LaTeX Font Info:    Checking defaults for OT1/cmr/m/n on input line 10.
LaTeX Font Info:    ... okay on input line 10.
LaTeX Font Info:    Checking defaults for OMS/cmsy/m/n on input line 10.
LaTeX Font Info:    ... okay on input line 10.
LaTeX Font Info:    Checking defaults for OMX/cmex/m/n on input line 10.
LaTeX Font Info:    ... okay on input line 10.
LaTeX Font Info:    Checking defaults for U/cmr/m/n on input line 10.
LaTeX Font Info:    ... okay on input line 10.

("C:\Program Files\Miktek\tex\context\base\supp-pdf.mkii"
[Loading MPS to PDF converter (version 2006.09.02).]
\scratchcounter=\count88
\scratchdimen=\dimen109
\scratchbox=\box26
\nofMPsegments=\count89
\nofMParguments=\count90
\everyMPshowfont=\toks15
\MPscratchCnt=\count91
\MPscratchDim=\dimen110
\MPnumerator=\count92
\makeMPintoPDFobject=\count93
\everyMPtoPDFconversion=\toks16
)
Missing character: There is no â in font cmtt10!
Missing character: There is no € in font cmtt10!
Missing character: There is no ™ in font cmtt10!
Missing character: There is no â in font cmtt10!
Missing character: There is no € in font cmtt10!
Missing character: There is no ™ in font cmtt10!
Missing character: There is no â in font cmtt10!
Missing character: There is no € in font cmtt10!
Missing character: There is no ™ in font cmtt10!
Missing character: There is no â in font cmtt10!
Missing character: There is no € in font cmtt10!
Missing character: There is no ™ in font cmtt10!

Overfull \hbox (51.79669pt too wide) in paragraph at lines 64--64
[]\OT1/cmtt/m/n/10 array([[2012-02-15, 5899.9, 5923.8, 5880.6, 5892.2, 80155000
0L, 5892.2],[] 
 []

Missing character: There is no â in font cmtt10!
Missing character: There is no € in font cmtt10!
Missing character: There is no ™ in font cmtt10!
Missing character: There is no â in font cmtt10!
Missing character: There is no € in font cmtt10!
Missing character: There is no ™ in font cmtt10!

Overfull \hbox (15.04701pt too wide) in paragraph at lines 64--64
[]\OT1/cmtt/m/n/10 [2012-02-14, 5905.7, 5920.6, 5877.2, 5899.9, 832567200L, 589
9.9],[] 
 []

Missing character: There is no â in font cmtt10!
Missing character: There is no € in font cmtt10!
Missing character: There is no ™ in font cmtt10!
Missing character: There is no â in font cmtt10!
Missing character: There is no € in font cmtt10!
Missing character: There is no ™ in font cmtt10!

Overfull \hbox (15.04701pt too wide) in paragraph at lines 64--64
[]\OT1/cmtt/m/n/10 [2012-02-13, 5852.4, 5920.1, 5852.4, 5905.7, 643543000L, 590
5.7],[] 
 []

Missing character: There is no â in font cmtt10!
Missing character: There is no € in font cmtt10!
Missing character: There is no ™ in font cmtt10!
Missing character: There is no â in font cmtt10!
Missing character: There is no € in font cmtt10!
Missing character: There is no ™ in font cmtt10!

Overfull \hbox (93.79633pt too wide) in paragraph at lines 64--64
[]\OT1/cmtt/m/n/10 [2012-02-10, 5895.5, 5895.5, 5839.9, 5852.4, 948790200L, 585
2.4]], dtype=object)[] 
 []

[1

{C:/ProgramData/MiKTeX/2.9/pdftex/config/pdftex.map}]
Overfull \hbox (15.04701pt too wide) in paragraph at lines 84--84
[]\OT1/cmtt/m/n/10 data = {'year': [2010, 2011, 2012, 2011, 2012, 2010, 2011, 2
012],[] 
 []


Overfull \hbox (162.04573pt too wide) in paragraph at lines 84--84
[]        \OT1/cmtt/m/n/10 'team': ['Bears', 'Bears', 'Bears', 'Packers', 'Pack
ers', 'Lions', 'Lions', 'Lions'],[] 
 []


Overfull \hbox (57.04665pt too wide) in paragraph at lines 84--84
[]\OT1/cmtt/m/n/10 football = pd.DataFrame(data, columns=['year', 'team', 'wins
', 'losses'])[] 
 []


Overfull \hbox (319.54436pt too wide) in paragraph at lines 123--123
[]\OT1/cmtt/m/n/10 Year,Age,Tm,Lg,W,L,W-L%,ERA,G,GS,GF,CG,SHO,SV,IP,H,R,ER,HR,B
B,IBB,SO,HBP,BK,WP,BF,ERA+,WHIP,H/9,HR/9,BB/9,SO/9,SO/BB,Awards[] 
 []


Overfull \hbox (240.79504pt too wide) in paragraph at lines 123--123
[]\OT1/cmtt/m/n/10 1995,25,NYY,AL,5,3,.625,5.51,19,10,2,0,0,0,67.0,71,43,41,11,
30,0,51,2,1,0,301,84,1.507,9.5,1.5,4.0,6.9,1.70,[] 
 []


Overfull \hbox (314.2944pt too wide) in paragraph at lines 123--123
[]\OT1/cmtt/m/n/10 1996,26,NYY,AL,8,3,.727,2.09,61,0,14,0,0,5,107.2,73,25,25,1,
34,3,130,2,0,1,425,240,0.994,6.1,0.1,2.8,10.9,3.82,CYA-3MVP-12[] 
 []


Overfull \hbox (288.04463pt too wide) in paragraph at lines 123--123
[]\OT1/cmtt/m/n/10 1997,27,NYY,AL,6,4,.600,1.88,66,0,56,0,0,43,71.2,65,17,15,5,
20,6,68,0,0,2,301,239,1.186,8.2,0.6,2.5,8.5,3.40,ASMVP-25[] 
 []


Overfull \hbox (251.29495pt too wide) in paragraph at lines 123--123
[]\OT1/cmtt/m/n/10 1998,28,NYY,AL,3,0,1.000,1.91,54,0,49,0,0,36,61.1,48,13,13,3
,17,1,36,1,0,0,246,233,1.060,7.0,0.4,2.5,5.3,2.12,[] 
 []

[2]
Underfull \hbox (badness 10000) in paragraph at lines 135--135
[]\OT1/cmtt/m/n/10 Year Age Tm Lg W L W-L% ERA G GS GF CG SHO SV IP H R ER HR B
B
 []


Underfull \hbox (badness 10000) in paragraph at lines 135--135
[]\OT1/cmtt/m/n/10 0  1995  25  NYY  AL  5  3  0.625  5.51  19  10  2  0  0  0
 []


Underfull \hbox (badness 10000) in paragraph at lines 135--135
\OT1/cmtt/m/n/10 67.0  71  43  41  11  30  0  51  2  1  0  301  84  1.507  9.5
 []


Underfull \hbox (badness 10000) in paragraph at lines 135--135
[]\OT1/cmtt/m/n/10 1  1996  26  NYY  AL  8  3  0.727  2.09  61  0  14  0  0  5
 []


Underfull \hbox (badness 10000) in paragraph at lines 135--135
\OT1/cmtt/m/n/10 107.2  73  25  25  1  34  3  130  2  0  1  425  240  0.994
 []


Underfull \hbox (badness 10000) in paragraph at lines 135--135
[]\OT1/cmtt/m/n/10 2  1997  27  NYY  AL  6  4  0.600  1.88  66  0  56  0  0  43

 []


Underfull \hbox (badness 10000) in paragraph at lines 135--135
\OT1/cmtt/m/n/10 71.2  65  17  15  5  20  6  68  0  0  2  301  239  1.186  8.2
 []


Underfull \hbox (badness 10000) in paragraph at lines 135--135
[]\OT1/cmtt/m/n/10 3  1998  28  NYY  AL  3  0  1.000  1.91  54  0  49  0  0  36

 []


Underfull \hbox (badness 10000) in paragraph at lines 135--135
\OT1/cmtt/m/n/10 61.1  48  13  13  3  17  1  36  1  0  0  246  233  1.060  7.0
 []


Underfull \hbox (badness 10000) in paragraph at lines 135--135
[]\OT1/cmtt/m/n/10 4  1999  29  NYY  AL  4  3  0.571  1.83  66  0  63  0  0  45

 []


Underfull \hbox (badness 10000) in paragraph at lines 135--135
\OT1/cmtt/m/n/10 69.0  43  15  14  2  18  3  52  3  1  2  268  257  0.884  5.6
 []


Overfull \hbox (93.79633pt too wide) in paragraph at lines 165--165
[]\OT1/cmtt/m/n/10 # Source: pro-football-reference.com/players/M/MannPe00/touc
hdowns/passing/2012/[] 
 []


Overfull \hbox (72.79651pt too wide) in paragraph at lines 165--165
[]\OT1/cmtt/m/n/10 1,1,2012-09-09,DEN,,PIT,W 31-19,3,71,Demaryius Thomas,Trail 
7-13,Lead 14-13*[] 
 []


Overfull \hbox (46.54674pt too wide) in paragraph at lines 165--165
[]\OT1/cmtt/m/n/10 2,1,2012-09-09,DEN,,PIT,W 31-19,4,1,Jacob Tamme,Trail 14-19,
Lead 22-19*[] 
 []


Overfull \hbox (72.79651pt too wide) in paragraph at lines 165--165
[]\OT1/cmtt/m/n/10 3,2,2012-09-17,DEN,@,ATL,L 21-27,2,17,Demaryius Thomas,Trail
 0-20,Trail 7-20[] 
 []


Overfull \hbox (72.79651pt too wide) in paragraph at lines 165--165
[]\OT1/cmtt/m/n/10 4,3,2012-09-23,DEN,,HOU,L 25-31,4,38,Brandon Stokley,Trail 1
1-31,Trail 18-31[] 
 []


Overfull \hbox (57.04665pt too wide) in paragraph at lines 165--165
[]\OT1/cmtt/m/n/10 5,3,2012-09-23,DEN,,HOU,L 25-31,4,6,Joel Dreessen,Trail 18-3
1,Trail 25-31[] 
 []


Overfull \hbox (4.5471pt too wide) in paragraph at lines 165--165
[]\OT1/cmtt/m/n/10 cols = ['num', 'game', 'date', 'team', 'home_away', 'opponen
t',[] 
 []


Overfull \hbox (30.79688pt too wide) in paragraph at lines 165--165
[]        \OT1/cmtt/m/n/10 'result', 'quarter', 'distance', 'receiver', 'score_
before',[] 
 []


Overfull \hbox (78.04646pt too wide) in paragraph at lines 165--165
[]\OT1/cmtt/m/n/10 no_headers = pd.read_csv('peyton-passing-TDs-2012.csv', sep=
',', header=None,[] 
 []


Underfull \hbox (badness 10000) in paragraph at lines 165--165
[]\OT1/cmtt/m/n/10 num game date team home_away opponent result quarter distanc
e
 []


Underfull \hbox (badness 10000) in paragraph at lines 165--165
[]\OT1/cmtt/m/n/10 0  1  1  2012-09-09  DEN  NaN  PIT  W 31-19  3  71
 []


Underfull \hbox (badness 10000) in paragraph at lines 165--165
[]\OT1/cmtt/m/n/10 1  2  1  2012-09-09  DEN  NaN  PIT  W 31-19  4  1  Jacob Tam
me
 []


Underfull \hbox (badness 10000) in paragraph at lines 165--165
[]\OT1/cmtt/m/n/10 2  3  2  2012-09-17  DEN  @  ATL  L 21-27  2  17
 []


Underfull \hbox (badness 10000) in paragraph at lines 165--165
[]\OT1/cmtt/m/n/10 3  4  3  2012-09-23  DEN  NaN  HOU  L 25-31  4  38
 []


Underfull \hbox (badness 10000) in paragraph at lines 165--165
[]\OT1/cmtt/m/n/10 4  5  3  2012-09-23  DEN  NaN  HOU  L 25-31  4  6
 []

[3] [4]
Overfull \hbox (83.29642pt too wide) in paragraph at lines 212--212
[]\OT1/cmtt/m/n/10 # since our index on the football DataFrame is meaningless, 
let's not write it[] 
 []

[5]
Overfull \hbox (46.54674pt too wide) in paragraph at lines 245--245
[]\OT1/cmtt/m/n/10 conn = sqlite3.connect('/Users/greda/Dropbox/gregreda.com/_c
ode/towed')[] 
 []


Overfull \hbox (53.99652pt too wide) in paragraph at lines 262--262
[]     \OT1/cmtt/m/n/10 tow_date  make style model color    plate state        
towed_address  \[] 
 []


Overfull \hbox (38.24666pt too wide) in paragraph at lines 262--262
[]\OT1/cmtt/m/n/10 0  01/19/2013  FORD    LL         RED  N786361    IL  400 E.
 Lower Wacker[] 
 []


Overfull \hbox (38.24666pt too wide) in paragraph at lines 262--262
[]\OT1/cmtt/m/n/10 1  01/19/2013  FORD    4D         GRN  L307211    IL    701 
N. Sacramento[] 
 []


Overfull \hbox (38.24666pt too wide) in paragraph at lines 262--262
[]\OT1/cmtt/m/n/10 2  01/19/2013  FORD    4D         GRY  P576738    IL    701 
N. Sacramento[] 
 []


Overfull \hbox (38.24666pt too wide) in paragraph at lines 262--262
[]\OT1/cmtt/m/n/10 3  01/19/2013  FORD    LL         BLK  N155890    IL        
10300 S. Doty[] 
 []


Overfull \hbox (38.24666pt too wide) in paragraph at lines 262--262
[]\OT1/cmtt/m/n/10 4  01/19/2013  FORD    LL         TAN  H953638    IL        
10300 S. Doty[] 
 []

[6] (C:\Users\Kevin\Desktop\pandas-master\KSch09-ImportingExportingData.aux) ) 
Here is how much of TeX's memory you used:
 1161 strings out of 493921
 15374 string characters out of 3148886
 73337 words of memory out of 3000000
 4501 multiletter control sequences out of 15000+200000
 5018 words of font info for 19 fonts, out of 3000000 for 9000
 841 hyphenation exceptions out of 8191
 27i,6n,19p,376b,165s stack positions out of 5000i,500n,10000p,200000b,50000s
<
C:/Program Files/Miktek/fonts/type1/public/amsfonts/cm/cmbx12.pfb><C:/Program F
iles/Miktek/fonts/type1/public/amsfonts/cm/cmr10.pfb><C:/Program Files/Miktek/f
onts/type1/public/amsfonts/cm/cmtt10.pfb>
Output written on KSch09-ImportingExportingData.pdf (6 pages, 71760 bytes).
PDF statistics:
 33 PDF objects out of 1000 (max. 8388607)
 0 named destinations out of 1000 (max. 500000)
 1 words of extra memory for PDF output out of 10000 (max. 10000000)

